app/build/intermediates/manifest_merge_blame_file/debug/manifest-merger-blame-debug-report.txt
1<?xml version="1.0" encoding="utf-8"?>
2<manifest xmlns:android="http://schemas.android.com/apk/res/android"
3    package="com.receiptify"
4    android:versionCode="1"
5    android:versionName="1.0" >
6
7    <uses-sdk
8        android:minSdkVersion="24"
8-->src\main\AndroidManifest.xml
9        android:targetSdkVersion="29" />
9-->src\main\AndroidManifest.xml
10
11    <uses-permission android:name="android.permission.INTERNET" />
11-->src\main\AndroidManifest.xml:5:5-67
11-->src\main\AndroidManifest.xml:5:22-64
12    <uses-permission android:name="android.permission.READ_EXTERNAL_STORAGE" />
12-->src\main\AndroidManifest.xml:6:5-80
12-->src\main\AndroidManifest.xml:6:22-77
13    <uses-permission android:name="android.permission.CAMERA" />
13-->src\main\AndroidManifest.xml:7:5-65
13-->src\main\AndroidManifest.xml:7:22-62
14
15    <application
15-->src\main\AndroidManifest.xml:9:5-38:19
16        android:allowBackup="true"
16-->src\main\AndroidManifest.xml:10:9-35
17        android:appComponentFactory="androidx.core.app.CoreComponentFactory"
17-->[androidx.core:core:1.1.0] AndroidManifest.xml:24:18-86
18        android:debuggable="true"
19        android:icon="@mipmap/ic_launcher"
19-->src\main\AndroidManifest.xml:11:9-43
20        android:label="@string/app_name"
20-->src\main\AndroidManifest.xml:12:9-41
21        android:roundIcon="@mipmap/ic_launcher_round"
21-->src\main\AndroidManifest.xml:13:9-54
22        android:supportsRtl="true"
22-->src\main\AndroidManifest.xml:14:9-35
23        android:testOnly="true" >
24        <activity android:name="com.receiptify.activities.Statistics" />
24-->src\main\AndroidManifest.xml:15:9-68
24-->src\main\AndroidManifest.xml:15:19-56
25        <activity android:name="com.receiptify.activities.Settings" />
25-->src\main\AndroidManifest.xml:16:9-57
25-->src\main\AndroidManifest.xml:16:19-54
26        <activity android:name="com.receiptify.activities.Products" />
26-->src\main\AndroidManifest.xml:17:9-57
26-->src\main\AndroidManifest.xml:17:19-54
27        <activity android:name="com.receiptify.activities.Receipts" />
27-->src\main\AndroidManifest.xml:18:9-57
27-->src\main\AndroidManifest.xml:18:19-54
28        <activity
28-->src\main\AndroidManifest.xml:19:9-27:20
29            android:name="com.receiptify.MainActivity"
29-->src\main\AndroidManifest.xml:20:13-41
30            android:theme="@style/AppTheme.NoActionBar" >
30-->src\main\AndroidManifest.xml:21:13-56
31            <intent-filter>
31-->src\main\AndroidManifest.xml:22:13-26:29
32                <action android:name="android.intent.action.MAIN" />
32-->src\main\AndroidManifest.xml:23:17-69
32-->src\main\AndroidManifest.xml:23:25-66
33
34                <category android:name="android.intent.category.LAUNCHER" />
34-->src\main\AndroidManifest.xml:25:17-77
34-->src\main\AndroidManifest.xml:25:27-74
35            </intent-filter>
36        </activity>
37
38        <provider
39            android:name="androidx.core.content.FileProvider"
39-->src\main\AndroidManifest.xml:30:13-62
40            android:authorities="com.receiptify.FileProvider"
40-->src\main\AndroidManifest.xml:31:13-64
41            android:exported="false"
41-->src\main\AndroidManifest.xml:32:13-37
42            android:grantUriPermissions="true" >
42-->src\main\AndroidManifest.xml:33:13-47
43            <meta-data
43-->src\main\AndroidManifest.xml:34:13-36:58
44                android:name="android.support.FILE_PROVIDER_PATHS"
44-->src\main\AndroidManifest.xml:35:17-67
45                android:resource="@xml/provider_paths" />
45-->src\main\AndroidManifest.xml:36:17-55
46        </provider>
47
48        <service
48-->[androidx.room:room-runtime:2.2.3] AndroidManifest.xml:25:9-27:40
49            android:name="androidx.room.MultiInstanceInvalidationService"
49-->[androidx.room:room-runtime:2.2.3] AndroidManifest.xml:26:13-74
50            android:exported="false" />
50-->[androidx.room:room-runtime:2.2.3] AndroidManifest.xml:27:13-37
51
52        <provider
52-->[androidx.lifecycle:lifecycle-process:2.2.0-rc03] AndroidManifest.xml:25:9-29:43
53            android:name="androidx.lifecycle.ProcessLifecycleOwnerInitializer"
53-->[androidx.lifecycle:lifecycle-process:2.2.0-rc03] AndroidManifest.xml:26:13-79
54            android:authorities="com.receiptify.lifecycle-process"
54-->[androidx.lifecycle:lifecycle-process:2.2.0-rc03] AndroidManifest.xml:27:13-69
55            android:exported="false"
55-->[androidx.lifecycle:lifecycle-process:2.2.0-rc03] AndroidManifest.xml:28:13-37
56            android:multiprocess="true" />
56-->[androidx.lifecycle:lifecycle-process:2.2.0-rc03] AndroidManifest.xml:29:13-40
57    </application>
58
59</manifest>